<?xml version="1.0" encoding="UTF-8"?>
<!-- Generated by org.testng.reporters.JUnitXMLReporter -->
<testsuite hostname="LAPTOP-QSGCCT8E" name="Default test" tests="4" failures="0" timestamp="4 Jan 2021 15:48:11 GMT" time="70.25" errors="0">
  <testcase name="m1" time="18.089" classname="com.qa.crm.rough.Sample"/>
  <testcase name="m1" time="17.051" classname="com.qa.crm.rough.Sample"/>
  <testcase name="m2" time="16.911" classname="com.qa.crm.rough.Sample"/>
  <testcase name="m2" time="17.72" classname="com.qa.crm.rough.Sample"/>
</testsuite> <!-- Default test -->
