<?xml version="1.0" encoding="UTF-8"?>
<testng-results skipped="0" failed="0" total="2" passed="2">
  <reporter-output>
  </reporter-output>
  <suite name="Suite" duration-ms="30923" started-at="2021-01-07T09:47:58Z" finished-at="2021-01-07T09:48:29Z">
    <groups>
    </groups>
    <test name="Test" duration-ms="30923" started-at="2021-01-07T09:47:58Z" finished-at="2021-01-07T09:48:29Z">
      <class name="com.qa.crm.testcases.HomepageTest">
        <test-method status="PASS" signature="setUp()[pri:0, instance:com.qa.crm.testcases.HomepageTest@1cbbffcd]" name="setUp" is-config="true" duration-ms="17911" started-at="2021-01-07T15:18:10Z" finished-at="2021-01-07T15:18:28Z">
          <reporter-output>
          </reporter-output>
        </test-method> <!-- setUp -->
        <test-method status="PASS" signature="homePageUserLabelValidationTest()[pri:0, instance:com.qa.crm.testcases.HomepageTest@1cbbffcd]" name="homePageUserLabelValidationTest" duration-ms="87" started-at="2021-01-07T15:18:28Z" finished-at="2021-01-07T15:18:28Z">
          <reporter-output>
          </reporter-output>
        </test-method> <!-- homePageUserLabelValidationTest -->
        <test-method status="PASS" signature="tearDown()[pri:0, instance:com.qa.crm.testcases.HomepageTest@1cbbffcd]" name="tearDown" is-config="true" duration-ms="622" started-at="2021-01-07T15:18:28Z" finished-at="2021-01-07T15:18:29Z">
          <reporter-output>
          </reporter-output>
        </test-method> <!-- tearDown -->
      </class> <!-- com.qa.crm.testcases.HomepageTest -->
      <class name="com.qa.crm.testcases.LoginpageTest">
        <test-method status="PASS" signature="setUp()[pri:0, instance:com.qa.crm.testcases.LoginpageTest@1817d444]" name="setUp" is-config="true" duration-ms="11302" started-at="2021-01-07T15:17:58Z" finished-at="2021-01-07T15:18:09Z">
          <reporter-output>
          </reporter-output>
        </test-method> <!-- setUp -->
        <test-method status="PASS" signature="signuppageTest()[pri:0, instance:com.qa.crm.testcases.LoginpageTest@1817d444]" name="signuppageTest" duration-ms="991" started-at="2021-01-07T15:18:09Z" finished-at="2021-01-07T15:18:10Z">
          <reporter-output>
          </reporter-output>
        </test-method> <!-- signuppageTest -->
        <test-method status="PASS" signature="tearDown()[pri:0, instance:com.qa.crm.testcases.LoginpageTest@1817d444]" name="tearDown" is-config="true" duration-ms="1" started-at="2021-01-07T15:18:29Z" finished-at="2021-01-07T15:18:29Z">
          <reporter-output>
          </reporter-output>
        </test-method> <!-- tearDown -->
      </class> <!-- com.qa.crm.testcases.LoginpageTest -->
    </test> <!-- Test -->
  </suite> <!-- Suite -->
</testng-results>
