<?xml version="1.0" encoding="UTF-8"?>
<!-- Generated by org.testng.reporters.JUnitXMLReporter -->
<testsuite hostname="LAPTOP-QSGCCT8E" ignored="0" name="Test" tests="3" failures="0" timestamp="02 Jan 2021 06:53:27 GMT" time="20.574" errors="0">
  <testcase name="loginPageUrlTest" time="0.007" classname="com.qa.crm.testcases.LoginpageTest"/>
  <testcase name="loginPageTitleTest" time="0.005" classname="com.qa.crm.testcases.LoginpageTest"/>
  <testcase name="loginFunctionalityTest" time="8.565" classname="com.qa.crm.testcases.LoginpageTest"/>
</testsuite> <!-- Test -->
